<?xml version="1.0" encoding="UTF-8"?>
<testng-results ignored="0" total="1" passed="1" failed="0" skipped="0">
  <reporter-output>
  </reporter-output>
  <suite started-at="2024-04-20T16:21:16 IST" name="Surefire suite" finished-at="2024-04-20T16:21:36 IST" duration-ms="19465">
    <groups>
    </groups>
    <test started-at="2024-04-20T16:21:16 IST" name="Surefire test" finished-at="2024-04-20T16:21:36 IST" duration-ms="19465">
      <class name="practiseDataDrivenTesting.SeleniumTestReadDataFromRunTimeTest">
        <test-method signature="seleniumTest()[pri:0, instance:practiseDataDrivenTesting.SeleniumTestReadDataFromRunTimeTest@2f177a4b]" started-at="2024-04-20T16:21:16 IST" name="seleniumTest" finished-at="2024-04-20T16:21:36 IST" duration-ms="19391" status="PASS">
          <reporter-output>
          </reporter-output>
        </test-method> <!-- seleniumTest -->
      </class> <!-- practiseDataDrivenTesting.SeleniumTestReadDataFromRunTimeTest -->
    </test> <!-- Surefire test -->
  </suite> <!-- Surefire suite -->
</testng-results>
